<?xml version="1.0" encoding="UTF-8"?>
<!-- Generated by org.testng.reporters.JUnitReportReporter -->
<testsuite hostname="DESKTOP-NHQ11B1" failures="0" tests="1" name="RestAssured.TC003_GET" time="4.671" errors="0" timestamp="2020-10-13T15:01:57 IST" skipped="0">
  <testcase classname="RestAssured.TC003_GET" name="googleMapTest" time="4.671"/>
  <system-out/>
</testsuite> <!-- RestAssured.TC003_GET -->
