<?xml version="1.0" encoding="UTF-8"?>
<!-- Generated by org.testng.reporters.JUnitReportReporter -->
<testsuite hostname="DESKTOP-NHQ11B1" failures="0" tests="1" name="RestAssured.TC002_JsonSchemaValidation" time="0.068" errors="0" timestamp="2020-10-29T20:35:45 IST" skipped="0">
  <testcase classname="RestAssured.TC002_JsonSchemaValidation" name="jsonSchemaValidation" time="0.068"/>
  <system-out/>
</testsuite> <!-- RestAssured.TC002_JsonSchemaValidation -->
