<?xml version="1.0" encoding="UTF-8"?>
<!-- Generated by org.testng.reporters.JUnitReportReporter -->
<testsuite hostname="DESKTOP-NHQ11B1" failures="0" tests="1" name="RestAssured.TC001_GetCapitals$RestTest" time="11.777" errors="0" timestamp="2020-10-28T01:49:20 IST" skipped="0">
  <testcase classname="RestAssured.TC001_GetCapitals$RestTest" name="getCapitalDetails" time="11.777"/>
  <system-out/>
</testsuite> <!-- RestAssured.TC001_GetCapitals$RestTest -->
